<?xml version="1.0" encoding="UTF-8"?>
<testng-results ignored="0" total="1" passed="1" failed="0" skipped="0">
  <reporter-output>
  </reporter-output>
  <suite started-at="2023-10-08T21:08:27 PDT" name="Default suite" finished-at="2023-10-08T21:08:29 PDT" duration-ms="2080">
    <groups>
    </groups>
    <test started-at="2023-10-08T21:08:27 PDT" name="Default test" finished-at="2023-10-08T21:08:29 PDT" duration-ms="2080">
      <class name="Consent.getConsent">
        <test-method signature="createConsent()[pri:0, instance:Consent.getConsent@957e06]" started-at="2023-10-08T21:08:27 PDT" name="createConsent" finished-at="2023-10-08T21:08:29 PDT" duration-ms="2053" status="PASS">
          <reporter-output>
          </reporter-output>
        </test-method> <!-- createConsent -->
      </class> <!-- Consent.getConsent -->
    </test> <!-- Default test -->
  </suite> <!-- Default suite -->
</testng-results>
